COMPUTING AO ELECTRON REPULSION INTEGRALS

Size of the ERI tensor will be 0.52 Gb

COMPUTING AO ONE ELECTRON INTEGRALS

Ground state SCF Energy : -0.48788849 

Nuclear repulsion energy : 0.00000000 

Total electronic energy : -0.48788849 

 ORBITAL INFORMATION  
-----------------------
Basis functions   : 90  
Molecular orbitals: 89  
Spin Orbitals     : 178  
Alpha Orbitals    : 1  
Beta Orbitals     : 1  
Occupied Orbitals : 1  
Virtual Orbitals  : 88  

Begining CISD calculation .....

[1, 88, 0, 0, 0, 0, 0] 89
Computing CISD Hamiltonian matrix with 11 cores 

Completed generating Hamiltonian matrix of size (89,89) in 0.56 seconds

Completed the task and saved data in 0.56

Calculating Dipoles in CSF basis

Completed generating Dipole matrices in 0.18

Diagonalizing HCISD matrix.....

pyci CIS E0: -0.4878884915342734
psi4 CIS E0: -0.4878884915338326
dE : 4.41E-13

Completed Diagonalization task and saved data in 0.01

