COMPUTING AO ELECTRON REPULSION INTEGRALS

Size of the ERI tensor will be 1.40 Gb

COMPUTING AO ONE ELECTRON INTEGRALS

Ground state SCF Energy : -2.86154179 

Nuclear repulsion energy : 0.00000000 

Total electronic energy : -2.86154179 

 ORBITAL INFORMATION  
-----------------------
Basis functions   : 115  
Molecular orbitals: 115  
Spin Orbitals     : 230  
Alpha Orbitals    : 1  
Beta Orbitals     : 1  
Occupied Orbitals : 1  
Virtual Orbitals  : 114  

Begining CISD calculation .....

[1, 114, 0, 0, 0, 0, 0] 115
Computing CISD Hamiltonian matrix with 11 cores 

Completed generating Hamiltonian matrix of size (115,115) in 1.32 seconds

Completed the task and saved data in 1.32

Calculating Dipoles in CSF basis

Completed generating Dipole matrices in 0.26

Diagonalizing HCISD matrix.....

pyci CIS E0: -2.8615417871110234
psi4 CIS E0: -2.8615417871109505
dE : 7.28E-14

Completed Diagonalization task and saved data in 0.01

