COMPUTING AO ELECTRON REPULSION INTEGRALS

Size of the ERI tensor will be 0.52 Gb

COMPUTING AO ONE ELECTRON INTEGRALS

Ground state SCF Energy : -2.86154178 

Nuclear repulsion energy : 0.00000000 

Total electronic energy : -2.86154178 

 ORBITAL INFORMATION  
-----------------------
Basis functions   : 90  
Molecular orbitals: 90  
Spin Orbitals     : 180  
Alpha Orbitals    : 1  
Beta Orbitals     : 1  
Occupied Orbitals : 1  
Virtual Orbitals  : 89  

Begining CISD calculation .....

[1, 89, 0, 0, 0, 0, 0] 90
Computing CISD Hamiltonian matrix with 11 cores 

Completed generating Hamiltonian matrix of size (90,90) in 0.55 seconds

Completed the task and saved data in 0.55

Calculating Dipoles in CSF basis

Completed generating Dipole matrices in 0.15

Diagonalizing HCISD matrix.....

pyci CIS E0: -2.8615417841710213
psi4 CIS E0: -2.8615417841710449
dE : 2.35E-14

Completed Diagonalization task and saved data in 0.00

