COMPUTING AO ELECTRON REPULSION INTEGRALS

Size of the ERI tensor will be 3.07 Gb

COMPUTING AO ONE ELECTRON INTEGRALS

Ground state SCF Energy : -7.23638639 

Nuclear repulsion energy : 0.00000000 

Total electronic energy : -7.23638639 

 ORBITAL INFORMATION  
-----------------------
Basis functions   : 140  
Molecular orbitals: 135  
Spin Orbitals     : 270  
Alpha Orbitals    : 1  
Beta Orbitals     : 1  
Occupied Orbitals : 1  
Virtual Orbitals  : 134  

Begining CISD calculation .....

[1, 134, 0, 0, 0, 0, 0] 135
Computing CISD Hamiltonian matrix with 11 cores 

Completed generating Hamiltonian matrix of size (135,135) in 2.38 seconds

Completed the task and saved data in 2.38

Calculating Dipoles in CSF basis

Completed generating Dipole matrices in 0.27

Diagonalizing HCISD matrix.....

pyci CIS E0: -7.2363863930980754
psi4 CIS E0: -7.2363863930970718
dE : 1.00E-12

Completed Diagonalization task and saved data in 0.01

