nohup: ignoring input
BASIS: ../data/aug-cc-pvqz.gbs
COMPUTING AO ELECTRON REPULSION INTEGRALS

Size of the ERI tensor will be 0.07 Gb

COMPUTING AO ONE ELECTRON INTEGRALS

Ground state SCF Energy : -0.48782691 

Nuclear repulsion energy : 0.00000000 

Total electronic energy : -0.48782691 

 ORBITAL INFORMATION  
-----------------------
Basis functions   : 55  
Molecular orbitals: 55  
Spin Orbitals     : 110  
Alpha Orbitals    : 1  
Beta Orbitals     : 1  
Occupied Orbitals : 1  
Virtual Orbitals  : 54  

Begining CISD calculation .....

[1, 54, 0, 0, 0, 0, 0] 55
Computing CISD Hamiltonian matrix with 8 cores 

Completed generating Hamiltonian matrix of size (55,55) in 0.13 seconds

Completed the task and saved data in 0.13

Calculating Dipoles in CSF basis

Completed generating Dipole matrices in 0.13

Diagonalizing HCISD matrix.....

pyci CISD E0: -0.4878269111092065
psi4 CISD E0: -0.4878269111092061
dE : 3.33E-16

Completed Diagonalization task and saved data in 0.02

