nohup: ignoring input
****
He     0
S    1   1.00
      3.566000D+00           1.000000D+00
S    1   1.00
      1.240000D+00           1.000000D+00
S    8   1.00
      1.145000D+03           3.590000D-04
      1.717000D+02           2.771000D-03
      3.907000D+01           1.425100D-02
      1.104000D+01           5.556600D-02
      3.566000D+00           1.620910D-01
      1.240000D+00           3.321970D-01
      4.473000D-01           4.196150D-01
      1.640000D-01           1.861280D-01
S    1   1.00
      4.473000D-01           1.000000D+00
S    1   1.00
      1.640000D-01           1.000000D+00
S    1   1.00
      0.0466400              1.0000000
P    1   1.00
      1.015300D+01           1.000000D+00
P    1   1.00
      3.627000D+00           1.000000D+00
P    1   1.00
      1.296000D+00           1.000000D+00
P    1   1.00
      4.630000D-01           1.000000D+00
P    1   1.00
      0.1400000              1.0000000
D    1   1.00
      7.666000D+00           1.000000D+00
D    1   1.00
      2.647000D+00           1.000000D+00
D    1   1.00
      9.140000D-01           1.000000D+00
D    1   1.00
      0.2892000              1.0000000
F    1   1.00
      5.411000D+00           1.000000D+00
F    1   1.00
      1.707000D+00           1.000000D+00
F    1   1.00
      0.5345000              1.0000000
G    1   1.00
      3.430000D+00           1.0000000
G    1   1.00
      0.7899000              1.0000000
****

COMPUTING AO ELECTRON REPULSION INTEGRALS

Size of the ERI tensor will be 0.97 Gb

COMPUTING AO ONE ELECTRON INTEGRALS

Ground state SCF Energy : -2.86163827 

Nuclear repulsion energy : 0.00000000 

Total electronic energy : -2.86163827 

 ORBITAL INFORMATION  
-----------------------
Basis functions   : 105  
Molecular orbitals: 105  
Spin Orbitals     : 210  
Alpha Orbitals    : 1  
Beta Orbitals     : 1  
Occupied Orbitals : 1  
Virtual Orbitals  : 104  

Begining CISD calculation .....

[1, 104, 0, 0, 0, 0, 0] 105
Computing CISD Hamiltonian matrix with 8 cores 

Completed generating Hamiltonian matrix of size (105,105) in 0.90 seconds

Completed the task and saved data in 0.90

Calculating Dipoles in CSF basis

Completed generating Dipole matrices in 0.14

Diagonalizing HCISD matrix.....

pyci CISD E0: -2.8616382693019276
psi4 CISD E0: -2.8616382693016384
dE : 2.89E-13

Completed Diagonalization task and saved data in 0.02

