nohup: ignoring input
BASIS: ../data/aug-cc-pvqz.gbs
COMPUTING AO ELECTRON REPULSION INTEGRALS

Size of the ERI tensor will be 0.07 Gb

COMPUTING AO ONE ELECTRON INTEGRALS

Ground state SCF Energy : -2.86153946 

Nuclear repulsion energy : 0.00000000 

Total electronic energy : -2.86153946 

 ORBITAL INFORMATION  
-----------------------
Basis functions   : 55  
Molecular orbitals: 55  
Spin Orbitals     : 110  
Alpha Orbitals    : 1  
Beta Orbitals     : 1  
Occupied Orbitals : 1  
Virtual Orbitals  : 54  

Begining CISD calculation .....

[1, 54, 54, 1431, 0, 0, 0] 1540
Computing CISD Hamiltonian matrix with 8 cores 

Completed generating Hamiltonian matrix of size (1540,1540) in 1.76 seconds

Completed the task and saved data in 1.76

Calculating Dipoles in CSF basis

Completed generating Dipole matrices in 8.28

Diagonalizing HCISD matrix.....

pyci CISD E0: -2.9027203394170442
psi4 CISD E0: -2.9027203394170340
dE : 1.02E-14

Completed Diagonalization task and saved data in 0.95

