nohup: ignoring input
BASIS: ../data/cc-pvtz.gbs
COMPUTING AO ELECTRON REPULSION INTEGRALS

Size of the ERI tensor will be 0.00 Gb

COMPUTING AO ONE ELECTRON INTEGRALS

Ground state SCF Energy : -2.86115357 

Nuclear repulsion energy : 0.00000000 

Total electronic energy : -2.86115357 

 ORBITAL INFORMATION  
-----------------------
Basis functions   : 15  
Molecular orbitals: 15  
Spin Orbitals     : 30  
Alpha Orbitals    : 1  
Beta Orbitals     : 1  
Occupied Orbitals : 1  
Virtual Orbitals  : 14  

Begining CISD calculation .....

[1, 14, 0, 0, 0, 0, 0] 15
Computing CISD Hamiltonian matrix with 8 cores 

Completed generating Hamiltonian matrix of size (15,15) in 0.07 seconds

Completed the task and saved data in 0.07

Calculating Dipoles in CSF basis

Completed generating Dipole matrices in 0.13

Diagonalizing HCISD matrix.....

pyci CISD E0: -2.8611535740281924
psi4 CISD E0: -2.8611535740281933
dE : 8.88E-16

Completed Diagonalization task and saved data in 0.00

