COMPUTING AO ELECTRON REPULSION INTEGRALS

Size of the ERI tensor will be 100.76 Gb

COMPUTING AO ONE ELECTRON INTEGRALS

Ground state SCF Energy : -2.86154180 

Nuclear repulsion energy : 0.00000000 

Total electronic energy : -2.86154180 

 ORBITAL INFORMATION  
-----------------------
Basis functions   : 335  
Molecular orbitals: 333  
Spin Orbitals     : 666  
Alpha Orbitals    : 1  
Beta Orbitals     : 1  
Occupied Orbitals : 1  
Virtual Orbitals  : 332  

Begining CISD calculation .....

[1, 332, 0, 0, 0, 0, 0] 333
Computing CISD Hamiltonian matrix with 11 cores 

Completed generating Hamiltonian matrix of size (333,333) in 98.78 seconds

Completed the task and saved data in 98.78

Calculating Dipoles in CSF basis

Completed generating Dipole matrices in 1.09

Diagonalizing HCISD matrix.....

pyci CIS E0: -2.8615418048345949
psi4 CIS E0: -2.8615418048345713
dE : 2.35E-14

Completed Diagonalization task and saved data in 0.11

